<?xml version="1.0" encoding="UTF-8"?>
<testsuite name="com.example.pet_back.PetApplicationTests" tests="1" skipped="0" failures="0" errors="0" timestamp="2025-06-11T02:58:17.852Z" hostname="JSY2" time="0.32">
  <properties/>
  <testcase name="contextLoads()" classname="com.example.pet_back.PetApplicationTests" time="0.32"/>
  <system-out><![CDATA[11:58:13.013 [Test worker] INFO org.springframework.test.context.support.AnnotationConfigContextLoaderUtils -- Could not detect default configuration classes for test class [com.example.pet_back.PetApplicationTests]: PetApplicationTests does not declare any static, non-private, non-final, nested classes annotated with @Configuration.
11:58:13.102 [Test worker] INFO org.springframework.boot.test.context.SpringBootTestContextBootstrapper -- Found @SpringBootConfiguration com.example.pet_back.PetBackApplication for test class com.example.pet_back.PetApplicationTests

  .   ____          _            __ _ _
 /\\ / ___'_ __ _ _(_)_ __  __ _ \ \ \ \
( ( )\___ | '_ | '_| | '_ \/ _` | \ \ \ \
 \\/  ___)| |_)| | | | | || (_| |  ) ) ) )
  '  |____| .__|_| |_|_| |_\__, | / / / /
 =========|_|==============|___/=/_/_/_/

 :: Spring Boot ::                (v3.4.5)

2025-06-11T11:58:13.374+09:00  INFO 29868 --- [pet_back] [    Test worker] c.example.pet_back.PetApplicationTests   : Starting PetApplicationTests using Java 17.0.11 with PID 29868 (started by ha770 in C:\devv\pet_project\pet_back)
2025-06-11T11:58:13.375+09:00  INFO 29868 --- [pet_back] [    Test worker] c.example.pet_back.PetApplicationTests   : No active profile set, falling back to 1 default profile: "default"
2025-06-11T11:58:13.901+09:00  INFO 29868 --- [pet_back] [    Test worker] .s.d.r.c.RepositoryConfigurationDelegate : Bootstrapping Spring Data JPA repositories in DEFAULT mode.
2025-06-11T11:58:14.027+09:00  INFO 29868 --- [pet_back] [    Test worker] .s.d.r.c.RepositoryConfigurationDelegate : Finished Spring Data repository scanning in 120 ms. Found 8 JPA repository interfaces.
2025-06-11T11:58:14.385+09:00  INFO 29868 --- [pet_back] [    Test worker] com.zaxxer.hikari.HikariDataSource       : HikariPool-1 - Starting...
2025-06-11T11:58:14.539+09:00  INFO 29868 --- [pet_back] [    Test worker] com.zaxxer.hikari.pool.HikariPool        : HikariPool-1 - Added connection com.mysql.cj.jdbc.ConnectionImpl@3c3e363
2025-06-11T11:58:14.541+09:00  INFO 29868 --- [pet_back] [    Test worker] com.zaxxer.hikari.HikariDataSource       : HikariPool-1 - Start completed.
2025-06-11T11:58:14.569+09:00  INFO 29868 --- [pet_back] [    Test worker] o.hibernate.jpa.internal.util.LogHelper  : HHH000204: Processing PersistenceUnitInfo [name: default]
2025-06-11T11:58:14.624+09:00  INFO 29868 --- [pet_back] [    Test worker] org.hibernate.Version                    : HHH000412: Hibernate ORM core version 6.6.13.Final
2025-06-11T11:58:14.674+09:00  INFO 29868 --- [pet_back] [    Test worker] o.h.c.internal.RegionFactoryInitiator    : HHH000026: Second-level cache disabled
2025-06-11T11:58:14.892+09:00  INFO 29868 --- [pet_back] [    Test worker] o.s.o.j.p.SpringPersistenceUnitInfo      : No LoadTimeWeaver setup: ignoring JPA class transformer
2025-06-11T11:58:14.961+09:00  INFO 29868 --- [pet_back] [    Test worker] org.hibernate.orm.connections.pooling    : HHH10001005: Database info:
	Database JDBC URL [Connecting through datasource 'HikariDataSource (HikariPool-1)']
	Database driver: undefined/unknown
	Database version: 8.0.41
	Autocommit mode: undefined/unknown
	Isolation level: undefined/unknown
	Minimum pool size: undefined/unknown
	Maximum pool size: undefined/unknown
2025-06-11T11:58:15.629+09:00  INFO 29868 --- [pet_back] [    Test worker] o.h.e.t.j.p.i.JtaPlatformInitiator       : HHH000489: No JTA platform available (set 'hibernate.transaction.jta.platform' to enable JTA platform integration)
2025-06-11T11:58:15.630+09:00  INFO 29868 --- [pet_back] [    Test worker] j.LocalContainerEntityManagerFactoryBean : Initialized JPA EntityManagerFactory for persistence unit 'default'
2025-06-11T11:58:15.816+09:00  INFO 29868 --- [pet_back] [    Test worker] o.s.d.j.r.query.QueryEnhancerFactory     : Hibernate is in classpath; If applicable, HQL parser will be used.
2025-06-11T11:58:17.008+09:00  WARN 29868 --- [pet_back] [    Test worker] JpaBaseConfiguration$JpaWebConfiguration : spring.jpa.open-in-view is enabled by default. Therefore, database queries may be performed during view rendering. Explicitly configure spring.jpa.open-in-view to disable this warning
2025-06-11T11:58:17.025+09:00  INFO 29868 --- [pet_back] [    Test worker] r$InitializeUserDetailsManagerConfigurer : Global AuthenticationManager configured with UserDetailsService bean with name customUserDetailsService
2025-06-11T11:58:17.580+09:00  INFO 29868 --- [pet_back] [    Test worker] o.s.v.b.OptionalValidatorFactoryBean     : Failed to set up a Bean Validation provider: jakarta.validation.NoProviderFoundException: Unable to create a Configuration, because no Jakarta Bean Validation provider could be found. Add a provider like Hibernate Validator (RI) to your classpath.
2025-06-11T11:58:17.833+09:00  INFO 29868 --- [pet_back] [    Test worker] c.example.pet_back.PetApplicationTests   : Started PetApplicationTests in 4.618 seconds (process running for 5.445)
]]></system-out>
  <system-err><![CDATA[]]></system-err>
</testsuite>
