<?xml version="1.0" encoding="UTF-8"?>
<testsuite name="com.example.pet_back.PetApplicationTests" tests="1" skipped="0" failures="0" errors="0" timestamp="2025-05-21T08:06:11.187Z" hostname="User -2025NQSUS" time="0.431">
  <properties/>
  <testcase name="contextLoads()" classname="com.example.pet_back.PetApplicationTests" time="0.431"/>
  <system-out><![CDATA[17:06:07.342 [Test worker] INFO org.springframework.test.context.support.AnnotationConfigContextLoaderUtils -- Could not detect default configuration classes for test class [com.example.pet_back.PetApplicationTests]: PetApplicationTests does not declare any static, non-private, non-final, nested classes annotated with @Configuration.
17:06:07.461 [Test worker] INFO org.springframework.boot.test.context.SpringBootTestContextBootstrapper -- Found @SpringBootConfiguration com.example.pet_back.PetBackApplication for test class com.example.pet_back.PetApplicationTests

  .   ____          _            __ _ _
 /\\ / ___'_ __ _ _(_)_ __  __ _ \ \ \ \
( ( )\___ | '_ | '_| | '_ \/ _` | \ \ \ \
 \\/  ___)| |_)| | | | | || (_| |  ) ) ) )
  '  |____| .__|_| |_|_| |_\__, | / / / /
 =========|_|==============|___/=/_/_/_/

 :: Spring Boot ::                (v3.4.5)

2025-05-21T17:06:07.816+09:00  INFO 10864 --- [pet_back] [    Test worker] c.example.pet_back.PetApplicationTests   : Starting PetApplicationTests using Java 17.0.12 with PID 10864 (started by Administrator in C:\devv\pet_project\pet_back)
2025-05-21T17:06:07.817+09:00  INFO 10864 --- [pet_back] [    Test worker] c.example.pet_back.PetApplicationTests   : No active profile set, falling back to 1 default profile: "default"
2025-05-21T17:06:08.449+09:00  INFO 10864 --- [pet_back] [    Test worker] .s.d.r.c.RepositoryConfigurationDelegate : Bootstrapping Spring Data JPA repositories in DEFAULT mode.
2025-05-21T17:06:08.499+09:00  INFO 10864 --- [pet_back] [    Test worker] .s.d.r.c.RepositoryConfigurationDelegate : Finished Spring Data repository scanning in 41 ms. Found 2 JPA repository interfaces.
2025-05-21T17:06:08.905+09:00  INFO 10864 --- [pet_back] [    Test worker] com.zaxxer.hikari.HikariDataSource       : HikariPool-1 - Starting...
2025-05-21T17:06:09.096+09:00  INFO 10864 --- [pet_back] [    Test worker] com.zaxxer.hikari.pool.HikariPool        : HikariPool-1 - Added connection com.mysql.cj.jdbc.ConnectionImpl@7f2b584b
2025-05-21T17:06:09.098+09:00  INFO 10864 --- [pet_back] [    Test worker] com.zaxxer.hikari.HikariDataSource       : HikariPool-1 - Start completed.
2025-05-21T17:06:09.140+09:00  INFO 10864 --- [pet_back] [    Test worker] o.hibernate.jpa.internal.util.LogHelper  : HHH000204: Processing PersistenceUnitInfo [name: default]
2025-05-21T17:06:09.198+09:00  INFO 10864 --- [pet_back] [    Test worker] org.hibernate.Version                    : HHH000412: Hibernate ORM core version 6.6.13.Final
2025-05-21T17:06:09.243+09:00  INFO 10864 --- [pet_back] [    Test worker] o.h.c.internal.RegionFactoryInitiator    : HHH000026: Second-level cache disabled
2025-05-21T17:06:09.531+09:00  INFO 10864 --- [pet_back] [    Test worker] o.s.o.j.p.SpringPersistenceUnitInfo      : No LoadTimeWeaver setup: ignoring JPA class transformer
2025-05-21T17:06:09.620+09:00  INFO 10864 --- [pet_back] [    Test worker] org.hibernate.orm.connections.pooling    : HHH10001005: Database info:
	Database JDBC URL [Connecting through datasource 'HikariDataSource (HikariPool-1)']
	Database driver: undefined/unknown
	Database version: 8.4.3
	Autocommit mode: undefined/unknown
	Isolation level: undefined/unknown
	Minimum pool size: undefined/unknown
	Maximum pool size: undefined/unknown
2025-05-21T17:06:10.318+09:00  INFO 10864 --- [pet_back] [    Test worker] o.h.e.t.j.p.i.JtaPlatformInitiator       : HHH000489: No JTA platform available (set 'hibernate.transaction.jta.platform' to enable JTA platform integration)
2025-05-21T17:06:10.320+09:00  INFO 10864 --- [pet_back] [    Test worker] j.LocalContainerEntityManagerFactoryBean : Initialized JPA EntityManagerFactory for persistence unit 'default'
2025-05-21T17:06:10.788+09:00  WARN 10864 --- [pet_back] [    Test worker] JpaBaseConfiguration$JpaWebConfiguration : spring.jpa.open-in-view is enabled by default. Therefore, database queries may be performed during view rendering. Explicitly configure spring.jpa.open-in-view to disable this warning
2025-05-21T17:06:10.836+09:00  INFO 10864 --- [pet_back] [    Test worker] o.s.v.b.OptionalValidatorFactoryBean     : Failed to set up a Bean Validation provider: jakarta.validation.NoProviderFoundException: Unable to create a Configuration, because no Jakarta Bean Validation provider could be found. Add a provider like Hibernate Validator (RI) to your classpath.
2025-05-21T17:06:11.174+09:00  INFO 10864 --- [pet_back] [    Test worker] c.example.pet_back.PetApplicationTests   : Started PetApplicationTests in 3.574 seconds (process running for 4.57)
]]></system-out>
  <system-err><![CDATA[]]></system-err>
</testsuite>
